Build started 11/18/2015 5:01:37 PM.
     1>Project "D:\Users\Logan\Documents\GitHub\AIE_Framework-2015\Your Project\Your Project.vcxproj" on node 2 (Build target(s)).
     1>ClCompile:
         D:\Program Files (x86)\Microsoft Visual Studio 14.0\VC\bin\CL.exe /c /I"D:\Users\Logan\Documents\GitHub\AIE_Framework-2015\Your Project\\Dependencies\include\SDL" /I"D:\Users\Logan\Documents\GitHub\AIE_Framework-2015\Your Project\\Dependencies\include\OpenGL" /I"D:\Users\Logan\Documents\GitHub\AIE_Framework-2015\Your Project\\Dependencies\include\Graphics" /I"D:\Users\Logan\Documents\GitHub\AIE_Framework-2015\Your Project\\Dependencies\include\Math" /ZI /nologo /W3 /WX- /sdl /Od /Oy- /D _MBCS /Gm /EHsc /RTC1 /MDd /GS /fp:precise /Zc:wchar_t /Zc:forScope /Zc:inline /Fo"Debug\\" /Fd"Debug\vc140.pdb" /Gd /TP /analyze- /errorReport:prompt GameLoop.cpp
         GameLoop.cpp
     1>d:\users\logan\documents\github\aie_framework-2015\your project\gameloop.cpp(19): warning C4244: 'initializing': conversion from 'clock_t' to 'float', possible loss of data
     1>d:\users\logan\documents\github\aie_framework-2015\your project\gameloop.cpp(58): warning C4244: '=': conversion from 'clock_t' to 'float', possible loss of data
     1>d:\users\logan\documents\github\aie_framework-2015\your project\gameloop.cpp(59): warning C4244: '=': conversion from 'float' to 'int', possible loss of data
     1>d:\users\logan\documents\github\aie_framework-2015\your project\dependencies\include\graphics\graphics.h(267): warning C4244: 'argument': conversion from 'const float' to 'GLubyte', possible loss of data
         d:\users\logan\documents\github\aie_framework-2015\your project\gameloop.cpp(187): note: see reference to function template instantiation 'void Graphics::DrawRect<float>(const System::Point2D<float> &,const System::Size2D<float> &,const System::Color<float> &)' being compiled
     1>d:\users\logan\documents\github\aie_framework-2015\your project\dependencies\include\graphics\graphics.h(352): warning C4244: 'argument': conversion from 'const int' to 'GLfloat', possible loss of data
         d:\users\logan\documents\github\aie_framework-2015\your project\gameloop.cpp(190): note: see reference to function template instantiation 'void Graphics::DrawCircle<int>(const System::Point2D<int>,const T,const T,const System::Color<T> &)' being compiled
                 with
                 [
                     T=int
                 ]
     1>d:\users\logan\documents\github\aie_framework-2015\your project\dependencies\include\graphics\graphics.h(356): warning C4244: 'argument': conversion from 'double' to 'float', possible loss of data
     1>d:\users\logan\documents\github\aie_framework-2015\your project\dependencies\include\graphics\graphics.h(357): warning C4244: 'argument': conversion from 'double' to 'float', possible loss of data
       Link:
         D:\Program Files (x86)\Microsoft Visual Studio 14.0\VC\bin\link.exe /ERRORREPORT:PROMPT /OUT:"D:\Users\Logan\Documents\GitHub\AIE_Framework-2015\Debug\Your Project.exe" /INCREMENTAL /NOLOGO /LIBPATH:"D:\Users\Logan\Documents\GitHub\AIE_Framework-2015\Your Project\\Dependencies\lib" /LIBPATH:"D:\Users\Logan\Documents\GitHub\AIE_Framework-2015\Your Project\\Dependencies\lib\SDL" /LIBPATH:"D:\Users\Logan\Documents\GitHub\AIE_Framework-2015\Your Project\\Dependencies\lib\OpenGL" /LIBPATH:"D:\Users\Logan\Documents\GitHub\AIE_Framework-2015\Your Project\\Dependencies\lib\MathLib" "SDL-OpenGL Student Library.lib" Math.lib kernel32.lib user32.lib gdi32.lib winspool.lib comdlg32.lib advapi32.lib shell32.lib ole32.lib oleaut32.lib uuid.lib odbc32.lib odbccp32.lib /MANIFEST /MANIFESTUAC:"level='asInvoker' uiAccess='false'" /manifest:embed /Debug /PDB:"D:\Users\Logan\Documents\GitHub\AIE_Framework-2015\Debug\Your Project.pdb" /TLBID:1 /DYNAMICBASE /NXCOMPAT /IMPLIB:"D:\Users\Logan\Documents\GitHub\AIE_Framework-2015\Debug\Your Project.lib" /MACHINE:X86 Debug\GameLoop.obj
         Debug\Source.obj
     1>SDL-OpenGL Student Library.lib(EventHandler.obj) : warning LNK4099: PDB 'SDL-OpenGL Student Library.pdb' was not found with 'SDL-OpenGL Student Library.lib(EventHandler.obj)' or at 'D:\Users\Logan\Documents\GitHub\AIE_Framework-2015\Debug\SDL-OpenGL Student Library.pdb'; linking object as if no debug info
     1>SDL-OpenGL Student Library.lib(Graphics.obj) : warning LNK4099: PDB 'SDL-OpenGL Student Library.pdb' was not found with 'SDL-OpenGL Student Library.lib(Graphics.obj)' or at 'D:\Users\Logan\Documents\GitHub\AIE_Framework-2015\Debug\SDL-OpenGL Student Library.pdb'; linking object as if no debug info
     1>SDL-OpenGL Student Library.lib(Window.obj) : warning LNK4099: PDB 'SDL-OpenGL Student Library.pdb' was not found with 'SDL-OpenGL Student Library.lib(Window.obj)' or at 'D:\Users\Logan\Documents\GitHub\AIE_Framework-2015\Debug\SDL-OpenGL Student Library.pdb'; linking object as if no debug info
         Your Project.vcxproj -> D:\Users\Logan\Documents\GitHub\AIE_Framework-2015\Debug\Your Project.exe
     1>Done Building Project "D:\Users\Logan\Documents\GitHub\AIE_Framework-2015\Your Project\Your Project.vcxproj" (Build target(s)).

Build succeeded.

Time Elapsed 00:00:03.67
